  image_DXT.c
  image_helper.c
d:\git_repo\opengl+vs2019\simple opengl image library\src\image_helper.c(325): warning C4244: “初始化”: 从“double”转换到“float”，可能丢失数据
d:\git_repo\opengl+vs2019\simple opengl image library\src\image_helper.c(366): warning C4244: “=”: 从“double”转换到“float”，可能丢失数据
d:\git_repo\opengl+vs2019\simple opengl image library\src\image_helper.c(373): warning C4244: “=”: 从“float”转换到“int”，可能丢失数据
d:\git_repo\opengl+vs2019\simple opengl image library\src\image_helper.c(415): warning C4244: “=”: 从“double”转换到“float”，可能丢失数据
d:\git_repo\opengl+vs2019\simple opengl image library\src\image_helper.c(422): warning C4244: “=”: 从“float”转换到“int”，可能丢失数据
  SOIL.c
d:\git_repo\opengl+vs2019\simple opengl image library\src\soil.c(1719): warning C4018: “<=”: 有符号/无符号不匹配
d:\git_repo\opengl+vs2019\simple opengl image library\src\soil.c(1729): warning C4018: “<”: 有符号/无符号不匹配
  stb_image_aug.c
d:\git_repo\opengl+vs2019\simple opengl image library\src\stbi_dds_aug_c.h(362): warning C4018: “>”: 有符号/无符号不匹配
d:\git_repo\opengl+vs2019\simple opengl image library\src\stbi_dds_aug_c.h(366): warning C4018: “>”: 有符号/无符号不匹配
d:\git_repo\opengl+vs2019\simple opengl image library\src\stbi_dds_aug_c.h(390): warning C4018: “<”: 有符号/无符号不匹配
d:\git_repo\opengl+vs2019\simple opengl image library\src\stbi_dds_aug_c.h(427): warning C4018: “<”: 有符号/无符号不匹配
  正在生成代码...
  moreCubes.cpp
d:\git_repo\noteforopengl\viewtransformation\viewtransformation\viewtransformation\viewtransformation\morecubes.cpp(246): warning C4244: “初始化”: 从“double”转换到“GLfloat”，可能丢失数据
d:\git_repo\noteforopengl\viewtransformation\viewtransformation\viewtransformation\viewtransformation\morecubes.cpp(247): warning C4244: “初始化”: 从“double”转换到“GLfloat”，可能丢失数据
d:\git_repo\noteforopengl\viewtransformation\viewtransformation\viewtransformation\viewtransformation\morecubes.cpp(255): warning C4244: “初始化”: 从“double”转换到“GLfloat”，可能丢失数据
MSVCRTD.lib(initializers.obj) : warning LNK4098: 默认库“msvcrt.lib”与其他库的使用冲突；请使用 /NODEFAULTLIB:library
  viewTransformation.vcxproj -> D:\git_repo\noteForOpenGL\viewTransformation\viewTransformation\viewTransformation\Debug\viewTransformation.exe
